<?xml version="1.0" encoding="UTF-8"?>
<!-- Generated by org.testng.reporters.JUnitReportReporter -->
<testsuite hostname="CPU1906" name="test.DataExcel" tests="13" failures="0" timestamp="15 Apr 2019 09:11:23 GMT" time="0.034" errors="0">
  <testcase name="login" time="0.017" classname="test.DataExcel"/>
  <testcase name="login" time="0.000" classname="test.DataExcel"/>
  <testcase name="login" time="0.001" classname="test.DataExcel"/>
  <testcase name="login" time="0.002" classname="test.DataExcel"/>
  <testcase name="login" time="0.001" classname="test.DataExcel"/>
  <testcase name="login" time="0.001" classname="test.DataExcel"/>
  <testcase name="login" time="0.003" classname="test.DataExcel"/>
  <testcase name="login" time="0.002" classname="test.DataExcel"/>
  <testcase name="login" time="0.002" classname="test.DataExcel"/>
  <testcase name="login" time="0.001" classname="test.DataExcel"/>
  <testcase name="login" time="0.002" classname="test.DataExcel"/>
  <testcase name="login" time="0.001" classname="test.DataExcel"/>
  <testcase name="login" time="0.001" classname="test.DataExcel"/>
</testsuite> <!-- test.DataExcel -->
