<?xml version="1.0" encoding="UTF-8"?>
<!-- Generated by org.testng.reporters.JUnitReportReporter -->
<testsuite hostname="CPU1906" name="test.Excel2" tests="13" failures="0" timestamp="15 Apr 2019 08:51:33 GMT" time="0.023" errors="0">
  <testcase name="test33" time="0.013" classname="test.Excel2"/>
  <testcase name="test33" time="0.000" classname="test.Excel2"/>
  <testcase name="test33" time="0.001" classname="test.Excel2"/>
  <testcase name="test33" time="0.001" classname="test.Excel2"/>
  <testcase name="test33" time="0.001" classname="test.Excel2"/>
  <testcase name="test33" time="0.001" classname="test.Excel2"/>
  <testcase name="test33" time="0.000" classname="test.Excel2"/>
  <testcase name="test33" time="0.001" classname="test.Excel2"/>
  <testcase name="test33" time="0.001" classname="test.Excel2"/>
  <testcase name="test33" time="0.001" classname="test.Excel2"/>
  <testcase name="test33" time="0.001" classname="test.Excel2"/>
  <testcase name="test33" time="0.001" classname="test.Excel2"/>
  <testcase name="test33" time="0.001" classname="test.Excel2"/>
</testsuite> <!-- test.Excel2 -->
