<?xml version="1.0" encoding="UTF-8"?>
<!-- Generated by org.testng.reporters.JUnitReportReporter -->
<testsuite hostname="CPU1906" name="test.LoginTest" tests="13" failures="0" timestamp="15 Apr 2019 08:57:00 GMT" time="0.014" errors="0">
  <testcase name="loginTest" time="0.001" classname="test.LoginTest"/>
  <testcase name="loginTest" time="0.001" classname="test.LoginTest"/>
  <testcase name="loginTest" time="0.001" classname="test.LoginTest"/>
  <testcase name="loginTest" time="0.000" classname="test.LoginTest"/>
  <testcase name="loginTest" time="0.001" classname="test.LoginTest"/>
  <testcase name="loginTest" time="0.001" classname="test.LoginTest"/>
  <testcase name="loginTest" time="0.000" classname="test.LoginTest"/>
  <testcase name="loginTest" time="0.001" classname="test.LoginTest"/>
  <testcase name="loginTest" time="0.001" classname="test.LoginTest"/>
  <testcase name="loginTest" time="0.001" classname="test.LoginTest"/>
  <testcase name="loginTest" time="0.001" classname="test.LoginTest"/>
  <testcase name="loginTest" time="0.001" classname="test.LoginTest"/>
  <testcase name="loginTest" time="0.004" classname="test.LoginTest"/>
</testsuite> <!-- test.LoginTest -->
